
 ... A Training done ...
Relative L2 error_u: 3.565254e-01

 ... A2 Training done ...
Relative L2 error_u: 1.216835e+00

 ... A2 Training done ...
Relative L2 error_u: 1.217485e+00

 ... A2 Training done ...
Relative L2 error_u: nan

 ... A Training done ...
Relative L2 error_u: 1.963455e-01

 ... A2 Training done ...
Relative L2 error_u: 1.222485e+00

 ... A2 Training done ...
Relative L2 error_u: 1.223447e+00

 ... A2 Training done ...
Relative L2 error_u: 1.222696e+00

 ... A Training done ...
Relative L2 error_u: 3.117049e-01

 ... A2 Training done ...
Relative L2 error_u: 1.221619e+00

 ... A2 Training done ...
Relative L2 error_u: 1.221807e+00

 ... A2 Training done ...
Relative L2 error_u: 1.222300e+00
