
 ... A Training done ...
Relative L2 error_u: 3.565255e-01

 ... A2 Training done ...
Relative L2 error_u: 1.217120e+00

 ... A2 Training done ...
Relative L2 error_u: 1.216479e+00

 ... A2 Training done ...
Relative L2 error_u: nan

 ... A Training done ...
Relative L2 error_u: 1.963455e-01

 ... A2 Training done ...
Relative L2 error_u: 1.223162e+00

 ... A2 Training done ...
Relative L2 error_u: 1.222739e+00

 ... A2 Training done ...
Relative L2 error_u: 1.223569e+00

 ... A Training done ...
Relative L2 error_u: 3.117049e-01

 ... A2 Training done ...
Relative L2 error_u: 1.221126e+00

 ... A2 Training done ...
Relative L2 error_u: 1.222967e+00

 ... A2 Training done ...
Relative L2 error_u: 1.071490e+00
